update-alternatives 2024-03-05 07:54:09: run with --quiet --install /usr/bin/pager pager /usr/bin/less 77 --slave /usr/share/man/man1/pager.1.gz pager.1.gz /usr/share/man/man1/less.1.gz
update-alternatives 2024-03-24 20:05:30: run with --install /usr/bin/figlet figlet /usr/bin/figlet-toilet 20
update-alternatives 2024-03-24 20:05:30: link group figlet updated to point to /usr/bin/figlet-toilet
update-alternatives 2024-03-24 20:05:30: run with --quiet --install /usr/bin/pager pager /usr/bin/w3m 25 --slave /usr/share/man/man1/pager.1.gz pager.1.gz /usr/share/man/man1/w3m.1.gz
update-alternatives 2024-03-24 20:05:30: run with --quiet --install /usr/bin/www-browser www-browser /usr/bin/w3m 25 --slave /usr/share/man/man1/www-browser.1.gz www-browser.1.gz /usr/share/man/man1/w3m.1.gz
update-alternatives 2024-03-24 20:05:30: link group www-browser updated to point to /usr/bin/w3m
update-alternatives 2024-03-24 20:05:30: run with --install /usr/bin/compare compare /usr/bin/compare-im6.q16 10000 --slave /usr/share/man/man1/compare.1.gz compare.1.gz /usr/share/man/man1/compare-im6.q16.1.gz
update-alternatives 2024-03-24 20:05:30: link group compare updated to point to /usr/bin/compare-im6.q16
update-alternatives 2024-03-24 20:05:31: run with --install /usr/bin/compare-im6 compare-im6 /usr/bin/compare-im6.q16 10000 --slave /usr/share/man/man1/compare-im6.1.gz compare-im6.1.gz /usr/share/man/man1/compare-im6.q16.1.gz
update-alternatives 2024-03-24 20:05:31: link group compare-im6 updated to point to /usr/bin/compare-im6.q16
update-alternatives 2024-03-24 20:05:31: run with --install /usr/bin/animate animate /usr/bin/animate-im6.q16 10000 --slave /usr/share/man/man1/animate.1.gz animate.1.gz /usr/share/man/man1/animate-im6.q16.1.gz
update-alternatives 2024-03-24 20:05:31: link group animate updated to point to /usr/bin/animate-im6.q16
update-alternatives 2024-03-24 20:05:31: run with --install /usr/bin/animate-im6 animate-im6 /usr/bin/animate-im6.q16 10000 --slave /usr/share/man/man1/animate-im6.1.gz animate-im6.1.gz /usr/share/man/man1/animate-im6.q16.1.gz
update-alternatives 2024-03-24 20:05:31: link group animate-im6 updated to point to /usr/bin/animate-im6.q16
update-alternatives 2024-03-24 20:05:31: run with --install /usr/bin/convert convert /usr/bin/convert-im6.q16 10000 --slave /usr/share/man/man1/convert.1.gz convert.1.gz /usr/share/man/man1/convert-im6.q16.1.gz
update-alternatives 2024-03-24 20:05:31: link group convert updated to point to /usr/bin/convert-im6.q16
update-alternatives 2024-03-24 20:05:31: run with --install /usr/bin/convert-im6 convert-im6 /usr/bin/convert-im6.q16 10000 --slave /usr/share/man/man1/convert-im6.1.gz convert-im6.1.gz /usr/share/man/man1/convert-im6.q16.1.gz
update-alternatives 2024-03-24 20:05:31: link group convert-im6 updated to point to /usr/bin/convert-im6.q16
update-alternatives 2024-03-24 20:05:31: run with --install /usr/bin/composite composite /usr/bin/composite-im6.q16 10000 --slave /usr/share/man/man1/composite.1.gz composite.1.gz /usr/share/man/man1/composite-im6.q16.1.gz
update-alternatives 2024-03-24 20:05:31: link group composite updated to point to /usr/bin/composite-im6.q16
update-alternatives 2024-03-24 20:05:31: run with --install /usr/bin/composite-im6 composite-im6 /usr/bin/composite-im6.q16 10000 --slave /usr/share/man/man1/composite-im6.1.gz composite-im6.1.gz /usr/share/man/man1/composite-im6.q16.1.gz
update-alternatives 2024-03-24 20:05:31: link group composite-im6 updated to point to /usr/bin/composite-im6.q16
update-alternatives 2024-03-24 20:05:31: run with --install /usr/bin/conjure conjure /usr/bin/conjure-im6.q16 10000 --slave /usr/share/man/man1/conjure.1.gz conjure.1.gz /usr/share/man/man1/conjure-im6.q16.1.gz
update-alternatives 2024-03-24 20:05:31: link group conjure updated to point to /usr/bin/conjure-im6.q16
update-alternatives 2024-03-24 20:05:31: run with --install /usr/bin/conjure-im6 conjure-im6 /usr/bin/conjure-im6.q16 10000 --slave /usr/share/man/man1/conjure-im6.1.gz conjure-im6.1.gz /usr/share/man/man1/conjure-im6.q16.1.gz
update-alternatives 2024-03-24 20:05:31: link group conjure-im6 updated to point to /usr/bin/conjure-im6.q16
update-alternatives 2024-03-24 20:05:31: run with --install /usr/bin/import import /usr/bin/import-im6.q16 10000 --slave /usr/share/man/man1/import.1.gz import.1.gz /usr/share/man/man1/import-im6.q16.1.gz
update-alternatives 2024-03-24 20:05:31: link group import updated to point to /usr/bin/import-im6.q16
update-alternatives 2024-03-24 20:05:31: run with --install /usr/bin/import-im6 import-im6 /usr/bin/import-im6.q16 10000 --slave /usr/share/man/man1/import-im6.1.gz import-im6.1.gz /usr/share/man/man1/import-im6.q16.1.gz
update-alternatives 2024-03-24 20:05:31: link group import-im6 updated to point to /usr/bin/import-im6.q16
update-alternatives 2024-03-24 20:05:31: run with --install /usr/bin/identify identify /usr/bin/identify-im6.q16 10000 --slave /usr/share/man/man1/identify.1.gz identify.1.gz /usr/share/man/man1/identify-im6.q16.1.gz
update-alternatives 2024-03-24 20:05:31: link group identify updated to point to /usr/bin/identify-im6.q16
update-alternatives 2024-03-24 20:05:31: run with --install /usr/bin/identify-im6 identify-im6 /usr/bin/identify-im6.q16 10000 --slave /usr/share/man/man1/identify-im6.1.gz identify-im6.1.gz /usr/share/man/man1/identify-im6.q16.1.gz
update-alternatives 2024-03-24 20:05:31: link group identify-im6 updated to point to /usr/bin/identify-im6.q16
update-alternatives 2024-03-24 20:05:31: run with --install /usr/bin/stream stream /usr/bin/stream-im6.q16 10000 --slave /usr/share/man/man1/stream.1.gz stream.1.gz /usr/share/man/man1/stream-im6.q16.1.gz
update-alternatives 2024-03-24 20:05:31: link group stream updated to point to /usr/bin/stream-im6.q16
update-alternatives 2024-03-24 20:05:31: run with --install /usr/bin/stream-im6 stream-im6 /usr/bin/stream-im6.q16 10000 --slave /usr/share/man/man1/stream-im6.1.gz stream-im6.1.gz /usr/share/man/man1/stream-im6.q16.1.gz
update-alternatives 2024-03-24 20:05:31: link group stream-im6 updated to point to /usr/bin/stream-im6.q16
update-alternatives 2024-03-24 20:05:31: run with --install /usr/bin/display display /usr/bin/display-im6.q16 10000 --slave /usr/share/man/man1/display.1.gz display.1.gz /usr/share/man/man1/display-im6.q16.1.gz
update-alternatives 2024-03-24 20:05:31: link group display updated to point to /usr/bin/display-im6.q16
update-alternatives 2024-03-24 20:05:31: run with --install /usr/bin/display-im6 display-im6 /usr/bin/display-im6.q16 10000 --slave /usr/share/man/man1/display-im6.1.gz display-im6.1.gz /usr/share/man/man1/display-im6.q16.1.gz
update-alternatives 2024-03-24 20:05:31: link group display-im6 updated to point to /usr/bin/display-im6.q16
update-alternatives 2024-03-24 20:05:31: run with --install /usr/bin/montage montage /usr/bin/montage-im6.q16 10000 --slave /usr/share/man/man1/montage.1.gz montage.1.gz /usr/share/man/man1/montage-im6.q16.1.gz
update-alternatives 2024-03-24 20:05:31: link group montage updated to point to /usr/bin/montage-im6.q16
update-alternatives 2024-03-24 20:05:31: run with --install /usr/bin/montage-im6 montage-im6 /usr/bin/montage-im6.q16 10000 --slave /usr/share/man/man1/montage-im6.1.gz montage-im6.1.gz /usr/share/man/man1/montage-im6.q16.1.gz
update-alternatives 2024-03-24 20:05:31: link group montage-im6 updated to point to /usr/bin/montage-im6.q16
update-alternatives 2024-03-24 20:05:31: run with --install /usr/bin/mogrify mogrify /usr/bin/mogrify-im6.q16 10000 --slave /usr/share/man/man1/mogrify.1.gz mogrify.1.gz /usr/share/man/man1/mogrify-im6.q16.1.gz
update-alternatives 2024-03-24 20:05:31: link group mogrify updated to point to /usr/bin/mogrify-im6.q16
update-alternatives 2024-03-24 20:05:31: run with --install /usr/bin/mogrify-im6 mogrify-im6 /usr/bin/mogrify-im6.q16 10000 --slave /usr/share/man/man1/mogrify-im6.1.gz mogrify-im6.1.gz /usr/share/man/man1/mogrify-im6.q16.1.gz
update-alternatives 2024-03-24 20:05:31: link group mogrify-im6 updated to point to /usr/bin/mogrify-im6.q16
update-alternatives 2024-03-24 20:09:52: run with --force --install /usr/share/sounds/sf2/default-GM.sf2 default-GM.sf2 /usr/share/sounds/sf2/TimGM6mb.sf2 20
update-alternatives 2024-03-24 20:09:52: link group default-GM.sf2 updated to point to /usr/share/sounds/sf2/TimGM6mb.sf2
update-alternatives 2024-03-24 20:09:52: run with --force --install /usr/share/sounds/sf3/default-GM.sf3 default-GM.sf3 /usr/share/sounds/sf2/TimGM6mb.sf2 20
update-alternatives 2024-03-24 20:09:52: link group default-GM.sf3 updated to point to /usr/share/sounds/sf2/TimGM6mb.sf2
update-alternatives 2024-03-24 22:27:04: run with --install /usr/share/icons/default/index.theme x-cursor-theme /usr/share/icons/Adwaita/cursor.theme 90
update-alternatives 2024-03-24 22:27:04: link group x-cursor-theme updated to point to /usr/share/icons/Adwaita/cursor.theme
update-alternatives 2024-03-28 20:06:04: run with --remove builtins.7.gz /usr/share/man/man7/bash-builtins.7.gz
update-alternatives 2024-03-28 20:06:04: link group builtins.7.gz fully removed
update-alternatives 2024-03-28 20:06:04: run with --install /usr/share/man/man7/builtins.7.gz builtins.7.gz /usr/share/man/man7/bash-builtins.7.gz 10
update-alternatives 2024-03-28 20:06:04: link group builtins.7.gz updated to point to /usr/share/man/man7/bash-builtins.7.gz
update-alternatives 2024-03-28 20:06:05: run with --install /usr/bin/pager pager /bin/more 50 --slave /usr/share/man/man1/pager.1.gz pager.1.gz /usr/share/man/man1/more.1.gz
update-alternatives 2024-03-28 20:06:16: run with --install /usr/bin/write write /usr/bin/write.ul 100 --slave /usr/share/man/man1/write.1.gz write.1.gz /usr/share/man/man1/write.ul.1.gz
update-alternatives 2024-03-28 20:06:18: run with --install /usr/bin/vim vim /usr/bin/vim.basic 30
update-alternatives 2024-03-28 20:06:18: run with --install /usr/bin/vimdiff vimdiff /usr/bin/vim.basic 30
update-alternatives 2024-03-28 20:06:18: run with --install /usr/bin/rvim rvim /usr/bin/vim.basic 30
update-alternatives 2024-03-28 20:06:18: run with --install /usr/bin/rview rview /usr/bin/vim.basic 30
update-alternatives 2024-03-28 20:06:18: run with --install /usr/bin/vi vi /usr/bin/vim.basic 30 --slave /usr/share/man/da/man1/vi.1.gz vi.da.1.gz /usr/share/man/da/man1/vim.1.gz --slave /usr/share/man/de/man1/vi.1.gz vi.de.1.gz /usr/share/man/de/man1/vim.1.gz --slave /usr/share/man/fr/man1/vi.1.gz vi.fr.1.gz /usr/share/man/fr/man1/vim.1.gz --slave /usr/share/man/it/man1/vi.1.gz vi.it.1.gz /usr/share/man/it/man1/vim.1.gz --slave /usr/share/man/ja/man1/vi.1.gz vi.ja.1.gz /usr/share/man/ja/man1/vim.1.gz --slave /usr/share/man/pl/man1/vi.1.gz vi.pl.1.gz /usr/share/man/pl/man1/vim.1.gz --slave /usr/share/man/ru/man1/vi.1.gz vi.ru.1.gz /usr/share/man/ru/man1/vim.1.gz --slave /usr/share/man/man1/vi.1.gz vi.1.gz /usr/share/man/man1/vim.1.gz
update-alternatives 2024-03-28 20:06:18: run with --install /usr/bin/view view /usr/bin/vim.basic 30 --slave /usr/share/man/da/man1/view.1.gz view.da.1.gz /usr/share/man/da/man1/vim.1.gz --slave /usr/share/man/de/man1/view.1.gz view.de.1.gz /usr/share/man/de/man1/vim.1.gz --slave /usr/share/man/fr/man1/view.1.gz view.fr.1.gz /usr/share/man/fr/man1/vim.1.gz --slave /usr/share/man/it/man1/view.1.gz view.it.1.gz /usr/share/man/it/man1/vim.1.gz --slave /usr/share/man/ja/man1/view.1.gz view.ja.1.gz /usr/share/man/ja/man1/vim.1.gz --slave /usr/share/man/pl/man1/view.1.gz view.pl.1.gz /usr/share/man/pl/man1/vim.1.gz --slave /usr/share/man/ru/man1/view.1.gz view.ru.1.gz /usr/share/man/ru/man1/vim.1.gz --slave /usr/share/man/man1/view.1.gz view.1.gz /usr/share/man/man1/vim.1.gz
update-alternatives 2024-03-28 20:06:18: run with --install /usr/bin/ex ex /usr/bin/vim.basic 30 --slave /usr/share/man/da/man1/ex.1.gz ex.da.1.gz /usr/share/man/da/man1/vim.1.gz --slave /usr/share/man/de/man1/ex.1.gz ex.de.1.gz /usr/share/man/de/man1/vim.1.gz --slave /usr/share/man/fr/man1/ex.1.gz ex.fr.1.gz /usr/share/man/fr/man1/vim.1.gz --slave /usr/share/man/it/man1/ex.1.gz ex.it.1.gz /usr/share/man/it/man1/vim.1.gz --slave /usr/share/man/ja/man1/ex.1.gz ex.ja.1.gz /usr/share/man/ja/man1/vim.1.gz --slave /usr/share/man/pl/man1/ex.1.gz ex.pl.1.gz /usr/share/man/pl/man1/vim.1.gz --slave /usr/share/man/ru/man1/ex.1.gz ex.ru.1.gz /usr/share/man/ru/man1/vim.1.gz --slave /usr/share/man/man1/ex.1.gz ex.1.gz /usr/share/man/man1/vim.1.gz
update-alternatives 2024-03-28 20:06:18: run with --install /usr/bin/editor editor /usr/bin/vim.basic 30 --slave /usr/share/man/da/man1/editor.1.gz editor.da.1.gz /usr/share/man/da/man1/vim.1.gz --slave /usr/share/man/de/man1/editor.1.gz editor.de.1.gz /usr/share/man/de/man1/vim.1.gz --slave /usr/share/man/fr/man1/editor.1.gz editor.fr.1.gz /usr/share/man/fr/man1/vim.1.gz --slave /usr/share/man/it/man1/editor.1.gz editor.it.1.gz /usr/share/man/it/man1/vim.1.gz --slave /usr/share/man/ja/man1/editor.1.gz editor.ja.1.gz /usr/share/man/ja/man1/vim.1.gz --slave /usr/share/man/pl/man1/editor.1.gz editor.pl.1.gz /usr/share/man/pl/man1/vim.1.gz --slave /usr/share/man/ru/man1/editor.1.gz editor.ru.1.gz /usr/share/man/ru/man1/vim.1.gz --slave /usr/share/man/man1/editor.1.gz editor.1.gz /usr/share/man/man1/vim.1.gz
update-alternatives 2024-03-28 20:06:18: run with --install /usr/sbin/iptables iptables /usr/sbin/iptables-legacy 10 --slave /usr/sbin/iptables-restore iptables-restore /usr/sbin/iptables-legacy-restore --slave /usr/sbin/iptables-save iptables-save /usr/sbin/iptables-legacy-save
update-alternatives 2024-03-28 20:06:18: run with --install /usr/sbin/ip6tables ip6tables /usr/sbin/ip6tables-legacy 10 --slave /usr/sbin/ip6tables-restore ip6tables-restore /usr/sbin/ip6tables-legacy-restore --slave /usr/sbin/ip6tables-save ip6tables-save /usr/sbin/ip6tables-legacy-save
update-alternatives 2024-03-28 20:06:18: run with --install /usr/sbin/iptables iptables /usr/sbin/iptables-nft 20 --slave /usr/sbin/iptables-restore iptables-restore /usr/sbin/iptables-nft-restore --slave /usr/sbin/iptables-save iptables-save /usr/sbin/iptables-nft-save
update-alternatives 2024-03-28 20:06:18: run with --install /usr/sbin/ip6tables ip6tables /usr/sbin/ip6tables-nft 20 --slave /usr/sbin/ip6tables-restore ip6tables-restore /usr/sbin/ip6tables-nft-restore --slave /usr/sbin/ip6tables-save ip6tables-save /usr/sbin/ip6tables-nft-save
update-alternatives 2024-03-28 20:06:18: run with --install /usr/sbin/arptables arptables /usr/sbin/arptables-nft 20 --slave /usr/sbin/arptables-restore arptables-restore /usr/sbin/arptables-nft-restore --slave /usr/sbin/arptables-save arptables-save /usr/sbin/arptables-nft-save
update-alternatives 2024-03-28 20:06:18: run with --install /usr/sbin/ebtables ebtables /usr/sbin/ebtables-nft 20 --slave /usr/sbin/ebtables-restore ebtables-restore /usr/sbin/ebtables-nft-restore --slave /usr/sbin/ebtables-save ebtables-save /usr/sbin/ebtables-nft-save
update-alternatives 2024-03-28 20:06:19: run with --install /usr/bin/rview rview /usr/bin/vim.tiny 15
update-alternatives 2024-03-28 20:06:19: run with --install /usr/bin/vi vi /usr/bin/vim.tiny 15 --slave /usr/share/man/da/man1/vi.1.gz vi.da.1.gz /usr/share/man/da/man1/vim.1.gz --slave /usr/share/man/de/man1/vi.1.gz vi.de.1.gz /usr/share/man/de/man1/vim.1.gz --slave /usr/share/man/fr/man1/vi.1.gz vi.fr.1.gz /usr/share/man/fr/man1/vim.1.gz --slave /usr/share/man/it/man1/vi.1.gz vi.it.1.gz /usr/share/man/it/man1/vim.1.gz --slave /usr/share/man/ja/man1/vi.1.gz vi.ja.1.gz /usr/share/man/ja/man1/vim.1.gz --slave /usr/share/man/pl/man1/vi.1.gz vi.pl.1.gz /usr/share/man/pl/man1/vim.1.gz --slave /usr/share/man/ru/man1/vi.1.gz vi.ru.1.gz /usr/share/man/ru/man1/vim.1.gz --slave /usr/share/man/man1/vi.1.gz vi.1.gz /usr/share/man/man1/vim.1.gz
update-alternatives 2024-03-28 20:06:19: run with --install /usr/bin/view view /usr/bin/vim.tiny 15 --slave /usr/share/man/da/man1/view.1.gz view.da.1.gz /usr/share/man/da/man1/vim.1.gz --slave /usr/share/man/de/man1/view.1.gz view.de.1.gz /usr/share/man/de/man1/vim.1.gz --slave /usr/share/man/fr/man1/view.1.gz view.fr.1.gz /usr/share/man/fr/man1/vim.1.gz --slave /usr/share/man/it/man1/view.1.gz view.it.1.gz /usr/share/man/it/man1/vim.1.gz --slave /usr/share/man/ja/man1/view.1.gz view.ja.1.gz /usr/share/man/ja/man1/vim.1.gz --slave /usr/share/man/pl/man1/view.1.gz view.pl.1.gz /usr/share/man/pl/man1/vim.1.gz --slave /usr/share/man/ru/man1/view.1.gz view.ru.1.gz /usr/share/man/ru/man1/vim.1.gz --slave /usr/share/man/man1/view.1.gz view.1.gz /usr/share/man/man1/vim.1.gz
update-alternatives 2024-03-28 20:06:19: run with --install /usr/bin/ex ex /usr/bin/vim.tiny 15 --slave /usr/share/man/da/man1/ex.1.gz ex.da.1.gz /usr/share/man/da/man1/vim.1.gz --slave /usr/share/man/de/man1/ex.1.gz ex.de.1.gz /usr/share/man/de/man1/vim.1.gz --slave /usr/share/man/fr/man1/ex.1.gz ex.fr.1.gz /usr/share/man/fr/man1/vim.1.gz --slave /usr/share/man/it/man1/ex.1.gz ex.it.1.gz /usr/share/man/it/man1/vim.1.gz --slave /usr/share/man/ja/man1/ex.1.gz ex.ja.1.gz /usr/share/man/ja/man1/vim.1.gz --slave /usr/share/man/pl/man1/ex.1.gz ex.pl.1.gz /usr/share/man/pl/man1/vim.1.gz --slave /usr/share/man/ru/man1/ex.1.gz ex.ru.1.gz /usr/share/man/ru/man1/vim.1.gz --slave /usr/share/man/man1/ex.1.gz ex.1.gz /usr/share/man/man1/vim.1.gz
update-alternatives 2024-03-28 20:06:19: run with --install /usr/bin/editor editor /usr/bin/vim.tiny 15 --slave /usr/share/man/da/man1/editor.1.gz editor.da.1.gz /usr/share/man/da/man1/vim.1.gz --slave /usr/share/man/de/man1/editor.1.gz editor.de.1.gz /usr/share/man/de/man1/vim.1.gz --slave /usr/share/man/fr/man1/editor.1.gz editor.fr.1.gz /usr/share/man/fr/man1/vim.1.gz --slave /usr/share/man/it/man1/editor.1.gz editor.it.1.gz /usr/share/man/it/man1/vim.1.gz --slave /usr/share/man/ja/man1/editor.1.gz editor.ja.1.gz /usr/share/man/ja/man1/vim.1.gz --slave /usr/share/man/pl/man1/editor.1.gz editor.pl.1.gz /usr/share/man/pl/man1/vim.1.gz --slave /usr/share/man/ru/man1/editor.1.gz editor.ru.1.gz /usr/share/man/ru/man1/vim.1.gz --slave /usr/share/man/man1/editor.1.gz editor.1.gz /usr/share/man/man1/vim.1.gz
update-alternatives 2024-03-28 20:06:23: run with --install /usr/share/plymouth/themes/text.plymouth text.plymouth /usr/share/plymouth/themes/ubuntu-text/ubuntu-text.plymouth 50
