/usr/share/fonts: caching, new cache contents: 0 fonts, 5 dirs
/usr/share/fonts/cMap: caching, new cache contents: 0 fonts, 0 dirs
/usr/share/fonts/cmap: caching, new cache contents: 0 fonts, 5 dirs
/usr/share/fonts/cmap/adobe-cns1: caching, new cache contents: 0 fonts, 0 dirs
/usr/share/fonts/cmap/adobe-gb1: caching, new cache contents: 0 fonts, 0 dirs
/usr/share/fonts/cmap/adobe-japan1: caching, new cache contents: 0 fonts, 0 dirs
/usr/share/fonts/cmap/adobe-japan2: caching, new cache contents: 0 fonts, 0 dirs
/usr/share/fonts/cmap/adobe-korea1: caching, new cache contents: 0 fonts, 0 dirs
/usr/share/fonts/opentype: caching, new cache contents: 0 fonts, 1 dirs
/usr/share/fonts/opentype/urw-base35: caching, new cache contents: 35 fonts, 0 dirs
/usr/share/fonts/truetype: caching, new cache contents: 0 fonts, 4 dirs
/usr/share/fonts/truetype/dejavu: caching, new cache contents: 6 fonts, 0 dirs
/usr/share/fonts/truetype/droid: caching, new cache contents: 1 fonts, 0 dirs
/usr/share/fonts/truetype/noto: caching, new cache contents: 3 fonts, 0 dirs
/usr/share/fonts/truetype/ubuntu: caching, new cache contents: 14 fonts, 0 dirs
/usr/share/fonts/type1: caching, new cache contents: 0 fonts, 2 dirs
/usr/share/fonts/type1/gsfonts: caching, new cache contents: 35 fonts, 0 dirs
/usr/share/fonts/type1/urw-base35: caching, new cache contents: 35 fonts, 0 dirs
/usr/local/share/fonts: caching, new cache contents: 0 fonts, 0 dirs
/usr/share/fonts/cMap: skipping, looped directory detected
/usr/share/fonts/cmap: skipping, looped directory detected
/usr/share/fonts/opentype: skipping, looped directory detected
/usr/share/fonts/truetype: skipping, looped directory detected
/usr/share/fonts/type1: skipping, looped directory detected
/usr/share/fonts/cmap/adobe-cns1: skipping, looped directory detected
/usr/share/fonts/cmap/adobe-gb1: skipping, looped directory detected
/usr/share/fonts/cmap/adobe-japan1: skipping, looped directory detected
/usr/share/fonts/cmap/adobe-japan2: skipping, looped directory detected
/usr/share/fonts/cmap/adobe-korea1: skipping, looped directory detected
/usr/share/fonts/opentype/urw-base35: skipping, looped directory detected
/usr/share/fonts/truetype/dejavu: skipping, looped directory detected
/usr/share/fonts/truetype/droid: skipping, looped directory detected
/usr/share/fonts/truetype/noto: skipping, looped directory detected
/usr/share/fonts/truetype/ubuntu: skipping, looped directory detected
/usr/share/fonts/type1/gsfonts: skipping, looped directory detected
/usr/share/fonts/type1/urw-base35: skipping, looped directory detected
/var/cache/fontconfig: cleaning cache directory
/var/cache/fontconfig: invalid cache file: d589a48862398ed80a3d6066f4f56f4c-le64.cache-7
/var/cache/fontconfig: invalid cache file: 7ef2298fde41cc6eeb7af42e48b7d293-le64.cache-7
/var/cache/fontconfig: invalid cache file: 2300eef321c393bfd76478a5c0e95b23-le64.cache-7
/var/cache/fontconfig: invalid cache file: 3830d5c3ddfd5cd38a049b759396e72e-le64.cache-7
/var/cache/fontconfig: invalid cache file: 4c599c202bc5c08e2d34565a40eac3b2-le64.cache-7
fc-cache: succeeded
