["2024-03-05T07:53:44.202", "DEBUG", "ubuntupro.config", "parse_config", 633, "Using client configuration file at /etc/ubuntu-advantage/uaclient.conf", {}]
["2024-03-05T07:53:44.202", "DEBUG", "ubuntupro.system", "load_file", 517, "Reading file: /etc/ubuntu-advantage/uaclient.conf", {}]
["2024-03-05T07:53:44.204", "DEBUG", "ubuntupro.files.files", "read", 60, "Tried to load /var/lib/ubuntu-advantage/user-config.json but file does not exist", {}]
["2024-03-05T07:53:44.205", "DEBUG", "ubuntupro.system", "load_file", 517, "Reading file: /etc/os-release", {}]
["2024-03-05T07:53:44.206", "DEBUG", "ubuntupro.config", "parse_config", 633, "Using client configuration file at /etc/ubuntu-advantage/uaclient.conf", {}]
["2024-03-05T07:53:44.206", "DEBUG", "ubuntupro.system", "load_file", 517, "Reading file: /etc/ubuntu-advantage/uaclient.conf", {}]
["2024-03-05T07:53:44.207", "DEBUG", "ubuntupro.files.files", "read", 60, "Tried to load /var/lib/ubuntu-advantage/user-config.json but file does not exist", {}]
["2024-03-05T07:53:44.208", "DEBUG", "ubuntupro.files.files", "read", 60, "Tried to load /var/lib/ubuntu-advantage/private/machine-token.json but file does not exist", {}]
["2024-03-05T07:53:44.288", "DEBUG", "ubuntupro.system", "load_file", 517, "Reading file: /var/lib/ubuntu-advantage/status.json", {}]
["2024-03-05T07:53:44.339", "DEBUG", "ubuntupro.files.files", "read", 60, "Tried to load /var/lib/ubuntu-advantage/private/machine-token.json but file does not exist", {}]
["2024-03-05T07:53:44.942", "DEBUG", "ubuntupro.apt", "done", 872, "Fetched ESM Apt Cache item: gpgv:/var/lib/ubuntu-advantage/apt-esm/var/lib/apt/lists/partial/esm.ubuntu.com_apps_ubuntu_dists_jammy-apps-security_InRelease", {}]
["2024-03-05T07:53:45.005", "DEBUG", "ubuntupro.apt", "done", 872, "Fetched ESM Apt Cache item: gpgv:/var/lib/ubuntu-advantage/apt-esm/var/lib/apt/lists/partial/esm.ubuntu.com_apps_ubuntu_dists_jammy-apps-updates_InRelease", {}]
["2024-03-05T07:53:45.073", "DEBUG", "ubuntupro.apt", "done", 872, "Fetched ESM Apt Cache item: gpgv:/var/lib/ubuntu-advantage/apt-esm/var/lib/apt/lists/partial/esm.ubuntu.com_apps_ubuntu_dists_jammy-apps-security_InRelease", {}]
["2024-03-05T07:53:45.157", "DEBUG", "ubuntupro.apt", "done", 872, "Fetched ESM Apt Cache item: gpgv:/var/lib/ubuntu-advantage/apt-esm/var/lib/apt/lists/partial/esm.ubuntu.com_apps_ubuntu_dists_jammy-apps-updates_InRelease", {}]
["2024-03-05T07:53:51.331", "DEBUG", "ubuntupro.system", "load_file", 517, "Reading file: /run/ubuntu-advantage//aptnews.json", {}]
["2024-03-05T07:53:51.335", "DEBUG", "ubuntupro.apt_news", "select_message", 144, "msg dates don't apply: AptNewsMessage{'begin': datetime.datetime(2023, 10, 6, 0, 0, tzinfo=datetime.timezone.utc), 'end': None, 'selectors': None, 'lines': ['Canonical released microcode updates for both Intel (CVE-2022-40982) and AMD', '(CVE-2023-20593). \u2018Unattended upgrades\u2019 provide security updates by default.', 'Ensure it remains enabled to always get all updates as they become available.']}", {}]
["2024-03-05T07:53:51.336", "DEBUG", "ubuntupro.apt_news", "fetch_and_process_apt_news", 171, "using msg: None", {}]
["2024-03-05T07:53:51.336", "DEBUG", "ubuntupro.system", "ensure_file_absent", 578, "Tried to remove /var/lib/ubuntu-advantage/messages/apt-news but file does not exist", {}]
["2024-03-05T07:53:51.336", "DEBUG", "ubuntupro.system", "ensure_file_absent", 578, "Tried to remove /var/lib/ubuntu-advantage/messages/apt-news-raw but file does not exist", {}]
["2024-03-16T20:57:54.737", "DEBUG", "ubuntupro.config", "parse_config", 633, "Using client configuration file at /etc/ubuntu-advantage/uaclient.conf", {}]
["2024-03-16T20:57:54.738", "DEBUG", "ubuntupro.system", "load_file", 517, "Reading file: /etc/ubuntu-advantage/uaclient.conf", {}]
["2024-03-16T20:57:54.739", "DEBUG", "ubuntupro.files.files", "read", 60, "Tried to load /var/lib/ubuntu-advantage/user-config.json but file does not exist", {}]
["2024-03-16T20:57:54.739", "DEBUG", "ubuntupro.system", "load_file", 517, "Reading file: /etc/os-release", {}]
["2024-03-16T20:57:54.746", "DEBUG", "ubuntupro.config", "parse_config", 633, "Using client configuration file at /etc/ubuntu-advantage/uaclient.conf", {}]
["2024-03-16T20:57:54.746", "DEBUG", "ubuntupro.system", "load_file", 517, "Reading file: /etc/ubuntu-advantage/uaclient.conf", {}]
["2024-03-16T20:57:54.747", "DEBUG", "ubuntupro.files.files", "read", 60, "Tried to load /var/lib/ubuntu-advantage/user-config.json but file does not exist", {}]
["2024-03-16T20:57:54.747", "DEBUG", "ubuntupro.files.files", "read", 60, "Tried to load /var/lib/ubuntu-advantage/private/machine-token.json but file does not exist", {}]
["2024-03-16T20:57:54.772", "DEBUG", "ubuntupro.system", "load_file", 517, "Reading file: /var/lib/ubuntu-advantage/status.json", {}]
["2024-03-16T20:57:54.776", "DEBUG", "ubuntupro.files.files", "read", 60, "Tried to load /var/lib/ubuntu-advantage/private/machine-token.json but file does not exist", {}]
["2024-03-16T20:57:55.304", "DEBUG", "ubuntupro.apt", "done", 872, "Fetched ESM Apt Cache item: gpgv:/var/lib/ubuntu-advantage/apt-esm/var/lib/apt/lists/partial/esm.ubuntu.com_apps_ubuntu_dists_jammy-apps-security_InRelease", {}]
["2024-03-16T20:57:55.366", "DEBUG", "ubuntupro.apt", "done", 872, "Fetched ESM Apt Cache item: gpgv:/var/lib/ubuntu-advantage/apt-esm/var/lib/apt/lists/partial/esm.ubuntu.com_apps_ubuntu_dists_jammy-apps-security_InRelease", {}]
["2024-03-16T20:57:55.371", "DEBUG", "ubuntupro.apt", "done", 872, "Fetched ESM Apt Cache item: gpgv:/var/lib/ubuntu-advantage/apt-esm/var/lib/apt/lists/partial/esm.ubuntu.com_apps_ubuntu_dists_jammy-apps-updates_InRelease", {}]
["2024-03-16T20:57:55.432", "DEBUG", "ubuntupro.apt", "done", 872, "Fetched ESM Apt Cache item: gpgv:/var/lib/ubuntu-advantage/apt-esm/var/lib/apt/lists/partial/esm.ubuntu.com_apps_ubuntu_dists_jammy-apps-updates_InRelease", {}]
["2024-03-16T20:57:55.579", "DEBUG", "ubuntupro.apt", "done", 872, "Fetched ESM Apt Cache item: store:/var/lib/ubuntu-advantage/apt-esm/var/lib/apt/lists/partial/esm.ubuntu.com_apps_ubuntu_dists_jammy-apps-security_main_binary-amd64_Packages.gz", {}]
["2024-03-16T20:57:55.583", "DEBUG", "ubuntupro.apt", "done", 872, "Fetched ESM Apt Cache item: store:/var/lib/ubuntu-advantage/apt-esm/var/lib/apt/lists/partial/esm.ubuntu.com_apps_ubuntu_dists_jammy-apps-security_main_binary-amd64_Packages.gz", {}]
["2024-03-16T20:57:55.895", "DEBUG", "ubuntupro.system", "load_file", 517, "Reading file: /run/ubuntu-advantage//aptnews.json", {}]
["2024-03-16T20:57:55.897", "DEBUG", "ubuntupro.apt_news", "select_message", 144, "msg dates don't apply: AptNewsMessage{'begin': datetime.datetime(2023, 10, 6, 0, 0, tzinfo=datetime.timezone.utc), 'end': None, 'selectors': None, 'lines': ['Canonical released microcode updates for both Intel (CVE-2022-40982) and AMD', '(CVE-2023-20593). \u2018Unattended upgrades\u2019 provide security updates by default.', 'Ensure it remains enabled to always get all updates as they become available.']}", {}]
["2024-03-16T20:57:55.898", "DEBUG", "ubuntupro.apt_news", "fetch_and_process_apt_news", 171, "using msg: None", {}]
["2024-03-16T20:57:55.898", "DEBUG", "ubuntupro.system", "ensure_file_absent", 578, "Tried to remove /var/lib/ubuntu-advantage/messages/apt-news but file does not exist", {}]
["2024-03-16T20:57:55.898", "DEBUG", "ubuntupro.system", "ensure_file_absent", 578, "Tried to remove /var/lib/ubuntu-advantage/messages/apt-news-raw but file does not exist", {}]
["2024-03-17T07:49:20.337", "DEBUG", "ubuntupro.config", "parse_config", 633, "Using client configuration file at /etc/ubuntu-advantage/uaclient.conf", {}]
["2024-03-17T07:49:20.337", "DEBUG", "ubuntupro.system", "load_file", 517, "Reading file: /etc/ubuntu-advantage/uaclient.conf", {}]
["2024-03-17T07:49:20.338", "DEBUG", "ubuntupro.files.files", "read", 60, "Tried to load /var/lib/ubuntu-advantage/user-config.json but file does not exist", {}]
["2024-03-17T07:49:20.338", "DEBUG", "ubuntupro.system", "load_file", 517, "Reading file: /etc/os-release", {}]
["2024-03-17T07:49:20.341", "DEBUG", "ubuntupro.config", "parse_config", 633, "Using client configuration file at /etc/ubuntu-advantage/uaclient.conf", {}]
["2024-03-17T07:49:20.341", "DEBUG", "ubuntupro.system", "load_file", 517, "Reading file: /etc/ubuntu-advantage/uaclient.conf", {}]
["2024-03-17T07:49:20.341", "DEBUG", "ubuntupro.files.files", "read", 60, "Tried to load /var/lib/ubuntu-advantage/user-config.json but file does not exist", {}]
["2024-03-17T07:49:20.341", "DEBUG", "ubuntupro.files.files", "read", 60, "Tried to load /var/lib/ubuntu-advantage/private/machine-token.json but file does not exist", {}]
["2024-03-17T07:49:20.350", "DEBUG", "ubuntupro.system", "load_file", 517, "Reading file: /var/lib/ubuntu-advantage/status.json", {}]
["2024-03-17T07:49:20.352", "DEBUG", "ubuntupro.files.files", "read", 60, "Tried to load /var/lib/ubuntu-advantage/private/machine-token.json but file does not exist", {}]
["2024-03-17T07:49:20.966", "DEBUG", "ubuntupro.apt", "done", 872, "Fetched ESM Apt Cache item: gpgv:/var/lib/ubuntu-advantage/apt-esm/var/lib/apt/lists/partial/esm.ubuntu.com_apps_ubuntu_dists_jammy-apps-security_InRelease", {}]
["2024-03-17T07:49:21.026", "DEBUG", "ubuntupro.apt", "done", 872, "Fetched ESM Apt Cache item: gpgv:/var/lib/ubuntu-advantage/apt-esm/var/lib/apt/lists/partial/esm.ubuntu.com_apps_ubuntu_dists_jammy-apps-updates_InRelease", {}]
["2024-03-17T07:49:21.034", "DEBUG", "ubuntupro.apt", "done", 872, "Fetched ESM Apt Cache item: gpgv:/var/lib/ubuntu-advantage/apt-esm/var/lib/apt/lists/partial/esm.ubuntu.com_apps_ubuntu_dists_jammy-apps-security_InRelease", {}]
["2024-03-17T07:49:21.100", "DEBUG", "ubuntupro.apt", "done", 872, "Fetched ESM Apt Cache item: gpgv:/var/lib/ubuntu-advantage/apt-esm/var/lib/apt/lists/partial/esm.ubuntu.com_apps_ubuntu_dists_jammy-apps-updates_InRelease", {}]
["2024-03-17T07:49:22.637", "DEBUG", "ubuntupro.system", "load_file", 517, "Reading file: /run/ubuntu-advantage//aptnews.json", {}]
["2024-03-17T07:49:22.639", "DEBUG", "ubuntupro.apt_news", "select_message", 144, "msg dates don't apply: AptNewsMessage{'begin': datetime.datetime(2023, 10, 6, 0, 0, tzinfo=datetime.timezone.utc), 'end': None, 'selectors': None, 'lines': ['Canonical released microcode updates for both Intel (CVE-2022-40982) and AMD', '(CVE-2023-20593). \u2018Unattended upgrades\u2019 provide security updates by default.', 'Ensure it remains enabled to always get all updates as they become available.']}", {}]
["2024-03-17T07:49:22.639", "DEBUG", "ubuntupro.apt_news", "fetch_and_process_apt_news", 171, "using msg: None", {}]
["2024-03-17T07:49:22.639", "DEBUG", "ubuntupro.system", "ensure_file_absent", 578, "Tried to remove /var/lib/ubuntu-advantage/messages/apt-news but file does not exist", {}]
["2024-03-17T07:49:22.639", "DEBUG", "ubuntupro.system", "ensure_file_absent", 578, "Tried to remove /var/lib/ubuntu-advantage/messages/apt-news-raw but file does not exist", {}]
["2024-03-26T02:00:19.220", "DEBUG", "ubuntupro.config", "parse_config", 633, "Using client configuration file at /etc/ubuntu-advantage/uaclient.conf", {}]
["2024-03-26T02:00:19.221", "DEBUG", "ubuntupro.system", "load_file", 517, "Reading file: /etc/ubuntu-advantage/uaclient.conf", {}]
["2024-03-26T02:00:19.222", "DEBUG", "ubuntupro.files.files", "read", 60, "Tried to load /var/lib/ubuntu-advantage/user-config.json but file does not exist", {}]
["2024-03-26T02:00:19.223", "DEBUG", "ubuntupro.system", "load_file", 517, "Reading file: /etc/os-release", {}]
["2024-03-26T02:00:19.227", "DEBUG", "ubuntupro.config", "parse_config", 633, "Using client configuration file at /etc/ubuntu-advantage/uaclient.conf", {}]
["2024-03-26T02:00:19.227", "DEBUG", "ubuntupro.system", "load_file", 517, "Reading file: /etc/ubuntu-advantage/uaclient.conf", {}]
["2024-03-26T02:00:19.228", "DEBUG", "ubuntupro.files.files", "read", 60, "Tried to load /var/lib/ubuntu-advantage/user-config.json but file does not exist", {}]
["2024-03-26T02:00:19.228", "DEBUG", "ubuntupro.files.files", "read", 60, "Tried to load /var/lib/ubuntu-advantage/private/machine-token.json but file does not exist", {}]
["2024-03-26T02:00:19.260", "DEBUG", "ubuntupro.system", "load_file", 517, "Reading file: /var/lib/ubuntu-advantage/status.json", {}]
["2024-03-26T02:00:19.264", "DEBUG", "ubuntupro.files.files", "read", 60, "Tried to load /var/lib/ubuntu-advantage/private/machine-token.json but file does not exist", {}]
["2024-03-26T02:00:19.612", "DEBUG", "ubuntupro.system", "load_file", 517, "Reading file: /run/ubuntu-advantage//aptnews.json", {}]
["2024-03-26T02:00:19.615", "DEBUG", "ubuntupro.apt_news", "select_message", 144, "msg dates don't apply: AptNewsMessage{'begin': datetime.datetime(2023, 10, 6, 0, 0, tzinfo=datetime.timezone.utc), 'end': None, 'selectors': None, 'lines': ['Canonical released microcode updates for both Intel (CVE-2022-40982) and AMD', '(CVE-2023-20593). \u2018Unattended upgrades\u2019 provide security updates by default.', 'Ensure it remains enabled to always get all updates as they become available.']}", {}]
["2024-03-26T02:00:19.615", "DEBUG", "ubuntupro.apt_news", "fetch_and_process_apt_news", 171, "using msg: None", {}]
["2024-03-26T02:00:19.615", "DEBUG", "ubuntupro.system", "ensure_file_absent", 578, "Tried to remove /var/lib/ubuntu-advantage/messages/apt-news but file does not exist", {}]
["2024-03-26T02:00:19.615", "DEBUG", "ubuntupro.system", "ensure_file_absent", 578, "Tried to remove /var/lib/ubuntu-advantage/messages/apt-news-raw but file does not exist", {}]
["2024-03-26T02:00:20.122", "DEBUG", "ubuntupro.apt", "done", 872, "Fetched ESM Apt Cache item: gpgv:/var/lib/ubuntu-advantage/apt-esm/var/lib/apt/lists/partial/esm.ubuntu.com_apps_ubuntu_dists_jammy-apps-security_InRelease", {}]
["2024-03-26T02:00:20.185", "DEBUG", "ubuntupro.apt", "done", 872, "Fetched ESM Apt Cache item: gpgv:/var/lib/ubuntu-advantage/apt-esm/var/lib/apt/lists/partial/esm.ubuntu.com_apps_ubuntu_dists_jammy-apps-security_InRelease", {}]
["2024-03-26T02:00:20.266", "DEBUG", "ubuntupro.apt", "done", 872, "Fetched ESM Apt Cache item: gpgv:/var/lib/ubuntu-advantage/apt-esm/var/lib/apt/lists/partial/esm.ubuntu.com_apps_ubuntu_dists_jammy-apps-updates_InRelease", {}]
["2024-03-26T02:00:20.330", "DEBUG", "ubuntupro.apt", "done", 872, "Fetched ESM Apt Cache item: gpgv:/var/lib/ubuntu-advantage/apt-esm/var/lib/apt/lists/partial/esm.ubuntu.com_apps_ubuntu_dists_jammy-apps-updates_InRelease", {}]
["2024-03-26T02:00:20.673", "DEBUG", "ubuntupro.apt", "done", 872, "Fetched ESM Apt Cache item: store:/var/lib/ubuntu-advantage/apt-esm/var/lib/apt/lists/partial/esm.ubuntu.com_apps_ubuntu_dists_jammy-apps-security_main_binary-amd64_Packages.gz", {}]
["2024-03-26T02:00:20.678", "DEBUG", "ubuntupro.apt", "done", 872, "Fetched ESM Apt Cache item: store:/var/lib/ubuntu-advantage/apt-esm/var/lib/apt/lists/partial/esm.ubuntu.com_apps_ubuntu_dists_jammy-apps-security_main_binary-amd64_Packages.gz", {}]
["2024-03-28T20:05:53.474", "DEBUG", "ubuntupro.config", "parse_config", 633, "Using client configuration file at /etc/ubuntu-advantage/uaclient.conf", {}]
["2024-03-28T20:05:53.475", "DEBUG", "ubuntupro.system", "load_file", 517, "Reading file: /etc/ubuntu-advantage/uaclient.conf", {}]
["2024-03-28T20:05:53.476", "DEBUG", "ubuntupro.files.files", "read", 60, "Tried to load /var/lib/ubuntu-advantage/user-config.json but file does not exist", {}]
["2024-03-28T20:05:53.476", "DEBUG", "ubuntupro.system", "load_file", 517, "Reading file: /etc/os-release", {}]
["2024-03-28T20:05:53.481", "DEBUG", "ubuntupro.config", "parse_config", 633, "Using client configuration file at /etc/ubuntu-advantage/uaclient.conf", {}]
["2024-03-28T20:05:53.481", "DEBUG", "ubuntupro.system", "load_file", 517, "Reading file: /etc/ubuntu-advantage/uaclient.conf", {}]
["2024-03-28T20:05:53.482", "DEBUG", "ubuntupro.files.files", "read", 60, "Tried to load /var/lib/ubuntu-advantage/user-config.json but file does not exist", {}]
["2024-03-28T20:05:53.483", "DEBUG", "ubuntupro.files.files", "read", 60, "Tried to load /var/lib/ubuntu-advantage/private/machine-token.json but file does not exist", {}]
["2024-03-28T20:05:53.509", "DEBUG", "ubuntupro.system", "load_file", 517, "Reading file: /var/lib/ubuntu-advantage/status.json", {}]
["2024-03-28T20:05:53.512", "DEBUG", "ubuntupro.files.files", "read", 60, "Tried to load /var/lib/ubuntu-advantage/private/machine-token.json but file does not exist", {}]
["2024-03-28T20:05:53.937", "DEBUG", "ubuntupro.system", "load_file", 517, "Reading file: /run/ubuntu-advantage//aptnews.json", {}]
["2024-03-28T20:05:53.940", "DEBUG", "ubuntupro.apt_news", "select_message", 144, "msg dates don't apply: AptNewsMessage{'begin': datetime.datetime(2023, 10, 6, 0, 0, tzinfo=datetime.timezone.utc), 'end': None, 'selectors': None, 'lines': ['Canonical released microcode updates for both Intel (CVE-2022-40982) and AMD', '(CVE-2023-20593). \u2018Unattended upgrades\u2019 provide security updates by default.', 'Ensure it remains enabled to always get all updates as they become available.']}", {}]
["2024-03-28T20:05:53.940", "DEBUG", "ubuntupro.apt_news", "fetch_and_process_apt_news", 171, "using msg: None", {}]
["2024-03-28T20:05:53.940", "DEBUG", "ubuntupro.system", "ensure_file_absent", 578, "Tried to remove /var/lib/ubuntu-advantage/messages/apt-news but file does not exist", {}]
["2024-03-28T20:05:53.940", "DEBUG", "ubuntupro.system", "ensure_file_absent", 578, "Tried to remove /var/lib/ubuntu-advantage/messages/apt-news-raw but file does not exist", {}]
["2024-03-28T20:05:53.994", "DEBUG", "ubuntupro.apt", "done", 872, "Fetched ESM Apt Cache item: gpgv:/var/lib/ubuntu-advantage/apt-esm/var/lib/apt/lists/partial/esm.ubuntu.com_apps_ubuntu_dists_jammy-apps-security_InRelease", {}]
["2024-03-28T20:05:54.040", "DEBUG", "ubuntupro.apt", "done", 872, "Fetched ESM Apt Cache item: gpgv:/var/lib/ubuntu-advantage/apt-esm/var/lib/apt/lists/partial/esm.ubuntu.com_apps_ubuntu_dists_jammy-apps-updates_InRelease", {}]
["2024-03-28T20:05:54.046", "DEBUG", "ubuntupro.apt", "done", 872, "Fetched ESM Apt Cache item: gpgv:/var/lib/ubuntu-advantage/apt-esm/var/lib/apt/lists/partial/esm.ubuntu.com_apps_ubuntu_dists_jammy-apps-security_InRelease", {}]
["2024-03-28T20:05:54.100", "DEBUG", "ubuntupro.apt", "done", 872, "Fetched ESM Apt Cache item: gpgv:/var/lib/ubuntu-advantage/apt-esm/var/lib/apt/lists/partial/esm.ubuntu.com_apps_ubuntu_dists_jammy-apps-updates_InRelease", {}]
["2024-03-28T20:06:26.755", "DEBUG", "ubuntupro.config", "parse_config", 625, "Using client configuration file at /etc/ubuntu-advantage/uaclient.conf", {}]
["2024-03-28T20:06:26.755", "DEBUG", "ubuntupro.system", "load_file", 517, "Reading file: /etc/ubuntu-advantage/uaclient.conf", {}]
["2024-03-28T20:06:26.755", "DEBUG", "ubuntupro.files.files", "read", 60, "Tried to load /var/lib/ubuntu-advantage/user-config.json but file does not exist", {}]
["2024-03-28T20:06:26.755", "DEBUG", "ubuntupro.system", "load_file", 517, "Reading file: /etc/os-release", {}]
["2024-03-28T20:06:26.764", "DEBUG", "ubuntupro.config", "parse_config", 625, "Using client configuration file at /etc/ubuntu-advantage/uaclient.conf", {}]
["2024-03-28T20:06:26.764", "DEBUG", "ubuntupro.system", "load_file", 517, "Reading file: /etc/ubuntu-advantage/uaclient.conf", {}]
["2024-03-28T20:06:26.765", "DEBUG", "ubuntupro.files.files", "read", 60, "Tried to load /var/lib/ubuntu-advantage/user-config.json but file does not exist", {}]
["2024-03-28T20:06:26.765", "DEBUG", "ubuntupro.files.files", "read", 60, "Tried to load /var/lib/ubuntu-advantage/private/machine-token.json but file does not exist", {}]
["2024-03-28T20:06:26.769", "DEBUG", "ubuntupro.system", "load_file", 517, "Reading file: /var/lib/ubuntu-advantage/status.json", {}]
["2024-03-28T20:06:26.772", "DEBUG", "ubuntupro.files.files", "read", 60, "Tried to load /var/lib/ubuntu-advantage/private/machine-token.json but file does not exist", {}]
["2024-03-28T20:06:27.092", "DEBUG", "ubuntupro.system", "load_file", 517, "Reading file: /run/ubuntu-advantage//aptnews.json", {}]
["2024-03-28T20:06:27.095", "DEBUG", "ubuntupro.apt_news", "select_message", 144, "msg dates don't apply: AptNewsMessage{'begin': datetime.datetime(2023, 10, 6, 0, 0, tzinfo=datetime.timezone.utc), 'end': None, 'selectors': None, 'lines': ['Canonical released microcode updates for both Intel (CVE-2022-40982) and AMD', '(CVE-2023-20593). \u2018Unattended upgrades\u2019 provide security updates by default.', 'Ensure it remains enabled to always get all updates as they become available.']}", {}]
["2024-03-28T20:06:27.095", "DEBUG", "ubuntupro.apt_news", "fetch_and_process_apt_news", 171, "using msg: None", {}]
["2024-03-28T20:06:27.095", "DEBUG", "ubuntupro.system", "ensure_file_absent", 578, "Tried to remove /var/lib/ubuntu-advantage/messages/apt-news but file does not exist", {}]
["2024-03-28T20:06:27.095", "DEBUG", "ubuntupro.system", "ensure_file_absent", 578, "Tried to remove /var/lib/ubuntu-advantage/messages/apt-news-raw but file does not exist", {}]
["2024-03-28T20:06:27.229", "DEBUG", "ubuntupro.apt", "done", 891, "Fetched ESM Apt Cache item: gpgv:/var/lib/ubuntu-advantage/apt-esm/var/lib/apt/lists/esm.ubuntu.com_apps_ubuntu_dists_jammy-apps-security_InRelease", {}]
["2024-03-28T20:06:27.288", "DEBUG", "ubuntupro.apt", "done", 891, "Fetched ESM Apt Cache item: gpgv:/var/lib/ubuntu-advantage/apt-esm/var/lib/apt/lists/esm.ubuntu.com_apps_ubuntu_dists_jammy-apps-updates_InRelease", {}]
["2024-03-28T20:14:13.988", "DEBUG", "ubuntupro.config", "parse_config", 625, "Using client configuration file at /etc/ubuntu-advantage/uaclient.conf", {}]
["2024-03-28T20:14:13.988", "DEBUG", "ubuntupro.system", "load_file", 517, "Reading file: /etc/ubuntu-advantage/uaclient.conf", {}]
["2024-03-28T20:14:13.988", "DEBUG", "ubuntupro.files.files", "read", 60, "Tried to load /var/lib/ubuntu-advantage/user-config.json but file does not exist", {}]
["2024-03-28T20:14:13.988", "DEBUG", "ubuntupro.system", "load_file", 517, "Reading file: /etc/os-release", {}]
["2024-03-28T20:14:14.000", "DEBUG", "ubuntupro.config", "parse_config", 625, "Using client configuration file at /etc/ubuntu-advantage/uaclient.conf", {}]
["2024-03-28T20:14:14.000", "DEBUG", "ubuntupro.system", "load_file", 517, "Reading file: /etc/ubuntu-advantage/uaclient.conf", {}]
["2024-03-28T20:14:14.001", "DEBUG", "ubuntupro.files.files", "read", 60, "Tried to load /var/lib/ubuntu-advantage/user-config.json but file does not exist", {}]
["2024-03-28T20:14:14.001", "DEBUG", "ubuntupro.files.files", "read", 60, "Tried to load /var/lib/ubuntu-advantage/private/machine-token.json but file does not exist", {}]
["2024-03-28T20:14:14.003", "DEBUG", "ubuntupro.system", "load_file", 517, "Reading file: /var/lib/ubuntu-advantage/status.json", {}]
["2024-03-28T20:14:14.006", "DEBUG", "ubuntupro.files.files", "read", 60, "Tried to load /var/lib/ubuntu-advantage/private/machine-token.json but file does not exist", {}]
["2024-03-28T20:14:14.720", "DEBUG", "ubuntupro.apt", "done", 891, "Fetched ESM Apt Cache item: gpgv:/var/lib/ubuntu-advantage/apt-esm/var/lib/apt/lists/esm.ubuntu.com_apps_ubuntu_dists_jammy-apps-security_InRelease", {}]
["2024-03-28T20:14:14.874", "DEBUG", "ubuntupro.apt", "done", 891, "Fetched ESM Apt Cache item: gpgv:/var/lib/ubuntu-advantage/apt-esm/var/lib/apt/lists/esm.ubuntu.com_apps_ubuntu_dists_jammy-apps-updates_InRelease", {}]
["2024-03-28T20:14:19.978", "DEBUG", "ubuntupro.system", "load_file", 517, "Reading file: /run/ubuntu-advantage//aptnews.json", {}]
["2024-03-28T20:14:19.986", "DEBUG", "ubuntupro.apt_news", "select_message", 144, "msg dates don't apply: AptNewsMessage{'begin': datetime.datetime(2023, 10, 6, 0, 0, tzinfo=datetime.timezone.utc), 'end': None, 'selectors': None, 'lines': ['Canonical released microcode updates for both Intel (CVE-2022-40982) and AMD', '(CVE-2023-20593). \u2018Unattended upgrades\u2019 provide security updates by default.', 'Ensure it remains enabled to always get all updates as they become available.']}", {}]
["2024-03-28T20:14:19.987", "DEBUG", "ubuntupro.apt_news", "fetch_and_process_apt_news", 171, "using msg: None", {}]
["2024-03-28T20:14:19.987", "DEBUG", "ubuntupro.system", "ensure_file_absent", 578, "Tried to remove /var/lib/ubuntu-advantage/messages/apt-news but file does not exist", {}]
["2024-03-28T20:14:19.988", "DEBUG", "ubuntupro.system", "ensure_file_absent", 578, "Tried to remove /var/lib/ubuntu-advantage/messages/apt-news-raw but file does not exist", {}]
["2024-03-28T20:25:22.454", "DEBUG", "ubuntupro.config", "parse_config", 625, "Using client configuration file at /etc/ubuntu-advantage/uaclient.conf", {}]
["2024-03-28T20:25:22.454", "DEBUG", "ubuntupro.system", "load_file", 517, "Reading file: /etc/ubuntu-advantage/uaclient.conf", {}]
["2024-03-28T20:25:22.454", "DEBUG", "ubuntupro.files.files", "read", 60, "Tried to load /var/lib/ubuntu-advantage/user-config.json but file does not exist", {}]
["2024-03-28T20:25:22.455", "DEBUG", "ubuntupro.system", "load_file", 517, "Reading file: /etc/os-release", {}]
["2024-03-28T20:25:22.469", "DEBUG", "ubuntupro.config", "parse_config", 625, "Using client configuration file at /etc/ubuntu-advantage/uaclient.conf", {}]
["2024-03-28T20:25:22.469", "DEBUG", "ubuntupro.system", "load_file", 517, "Reading file: /etc/ubuntu-advantage/uaclient.conf", {}]
["2024-03-28T20:25:22.470", "DEBUG", "ubuntupro.files.files", "read", 60, "Tried to load /var/lib/ubuntu-advantage/user-config.json but file does not exist", {}]
["2024-03-28T20:25:22.470", "DEBUG", "ubuntupro.files.files", "read", 60, "Tried to load /var/lib/ubuntu-advantage/private/machine-token.json but file does not exist", {}]
["2024-03-28T20:25:22.473", "DEBUG", "ubuntupro.system", "load_file", 517, "Reading file: /var/lib/ubuntu-advantage/status.json", {}]
["2024-03-28T20:25:22.476", "DEBUG", "ubuntupro.files.files", "read", 60, "Tried to load /var/lib/ubuntu-advantage/private/machine-token.json but file does not exist", {}]
["2024-03-28T20:25:22.874", "DEBUG", "ubuntupro.system", "load_file", 517, "Reading file: /run/ubuntu-advantage//aptnews.json", {}]
["2024-03-28T20:25:22.877", "DEBUG", "ubuntupro.apt_news", "select_message", 144, "msg dates don't apply: AptNewsMessage{'begin': datetime.datetime(2023, 10, 6, 0, 0, tzinfo=datetime.timezone.utc), 'end': None, 'selectors': None, 'lines': ['Canonical released microcode updates for both Intel (CVE-2022-40982) and AMD', '(CVE-2023-20593). \u2018Unattended upgrades\u2019 provide security updates by default.', 'Ensure it remains enabled to always get all updates as they become available.']}", {}]
["2024-03-28T20:25:22.877", "DEBUG", "ubuntupro.apt_news", "fetch_and_process_apt_news", 171, "using msg: None", {}]
["2024-03-28T20:25:22.877", "DEBUG", "ubuntupro.system", "ensure_file_absent", 578, "Tried to remove /var/lib/ubuntu-advantage/messages/apt-news but file does not exist", {}]
["2024-03-28T20:25:22.877", "DEBUG", "ubuntupro.system", "ensure_file_absent", 578, "Tried to remove /var/lib/ubuntu-advantage/messages/apt-news-raw but file does not exist", {}]
["2024-03-28T20:25:22.925", "DEBUG", "ubuntupro.apt", "done", 891, "Fetched ESM Apt Cache item: gpgv:/var/lib/ubuntu-advantage/apt-esm/var/lib/apt/lists/esm.ubuntu.com_apps_ubuntu_dists_jammy-apps-security_InRelease", {}]
["2024-03-28T20:25:22.972", "DEBUG", "ubuntupro.apt", "done", 891, "Fetched ESM Apt Cache item: gpgv:/var/lib/ubuntu-advantage/apt-esm/var/lib/apt/lists/esm.ubuntu.com_apps_ubuntu_dists_jammy-apps-updates_InRelease", {}]
